# JRE version: OpenJDK Runtime Environment (8.0_152-b08) (build 1.8.0_152-release-915-b08)
# Java VM: OpenJDK 64-Bit Server VM (25.152-b08 mixed mode bsd-amd64 compressed oops)
Heap:
 PSYoungGen      total 411648K, used 21802K [0x00000007a0000000, 0x00000007c0000000, 0x00000007c0000000)
  eden space 295936K, 0% used [0x00000007a0000000,0x00000007a0000000,0x00000007b2100000)
  from space 115712K, 18% used [0x00000007b8f00000,0x00000007ba44a8f0,0x00000007c0000000)
  to   space 112640K, 0% used [0x00000007b2100000,0x00000007b2100000,0x00000007b8f00000)
 ParOldGen       total 1048576K, used 1033139K [0x0000000760000000, 0x00000007a0000000, 0x00000007a0000000)
  object space 1048576K, 98% used [0x0000000760000000,0x000000079f0ecfa0,0x00000007a0000000)
 Metaspace       used 221779K, capacity 236266K, committed 236416K, reserved 1253376K
  class space    used 28077K, capacity 31552K, committed 31616K, reserved 1048576K
GC Heap History (10 events):
Event: 16390.784 GC heap after
Heap after GC invocations=151 (full 15):
 PSYoungGen      total 393216K, used 80351K [0x00000007a0000000, 0x00000007c0000000, 0x00000007c0000000)
  eden space 289280K, 0% used [0x00000007a0000000,0x00000007a0000000,0x00000007b1a80000)
  from space 103936K, 77% used [0x00000007b8a00000,0x00000007bd877ff0,0x00000007bef80000)
  to   space 114176K, 0% used [0x00000007b1a80000,0x00000007b1a80000,0x00000007b8a00000)
 ParOldGen       total 1048576K, used 815565K [0x0000000760000000, 0x00000007a0000000, 0x00000007a0000000)
  object space 1048576K, 77% used [0x0000000760000000,0x0000000791c73600,0x00000007a0000000)
 Metaspace       used 207147K, capacity 220980K, committed 221312K, reserved 1241088K
  class space    used 26170K, capacity 29465K, committed 29568K, reserved 1048576K
}
Event: 16400.217 GC heap before
{Heap before GC invocations=152 (full 15):
 PSYoungGen      total 393216K, used 369198K [0x00000007a0000000, 0x00000007c0000000, 0x00000007c0000000)
  eden space 289280K, 99% used [0x00000007a0000000,0x00000007b1a13ab8,0x00000007b1a80000)
  from space 103936K, 77% used [0x00000007b8a00000,0x00000007bd877ff0,0x00000007bef80000)
  to   space 114176K, 0% used [0x00000007b1a80000,0x00000007b1a80000,0x00000007b8a00000)
 ParOldGen       total 1048576K, used 815565K [0x0000000760000000, 0x00000007a0000000, 0x00000007a0000000)
  object space 1048576K, 77% used [0x0000000760000000,0x0000000791c73600,0x00000007a0000000)
 Metaspace       used 207175K, capacity 220994K, committed 221312K, reserved 1241088K
  class space    used 26171K, capacity 29467K, committed 29568K, reserved 1048576K
Event: 16400.462 GC heap after
Heap after GC invocations=152 (full 15):
 PSYoungGen      total 403456K, used 40269K [0x00000007a0000000, 0x00000007bfd00000, 0x00000007c0000000)
  eden space 289280K, 0% used [0x00000007a0000000,0x00000007a0000000,0x00000007b1a80000)
  from space 114176K, 35% used [0x00000007b1a80000,0x00000007b41d37d8,0x00000007b8a00000)
  to   space 107520K, 0% used [0x00000007b9400000,0x00000007b9400000,0x00000007bfd00000)
 ParOldGen       total 1048576K, used 881219K [0x0000000760000000, 0x00000007a0000000, 0x00000007a0000000)
  object space 1048576K, 84% used [0x0000000760000000,0x0000000795c90c80,0x00000007a0000000)
 Metaspace       used 207175K, capacity 220994K, committed 221312K, reserved 1241088K
  class space    used 26171K, capacity 29467K, committed 29568K, reserved 1048576K
}
Event: 17457.562 GC heap before
{Heap before GC invocations=153 (full 15):
 PSYoungGen      total 403456K, used 329549K [0x00000007a0000000, 0x00000007bfd00000, 0x00000007c0000000)
  eden space 289280K, 100% used [0x00000007a0000000,0x00000007b1a80000,0x00000007b1a80000)
  from space 114176K, 35% used [0x00000007b1a80000,0x00000007b41d37d8,0x00000007b8a00000)
  to   space 107520K, 0% used [0x00000007b9400000,0x00000007b9400000,0x00000007bfd00000)
 ParOldGen       total 1048576K, used 881219K [0x0000000760000000, 0x00000007a0000000, 0x00000007a0000000)
  object space 1048576K, 84% used [0x0000000760000000,0x0000000795c90c80,0x00000007a0000000)
 Metaspace       used 214955K, capacity 229030K, committed 229248K, reserved 1247232K
  class space    used 27188K, capacity 30559K, committed 30592K, reserved 1048576K
Event: 17457.967 GC heap after
Heap after GC invocations=153 (full 15):
 PSYoungGen      total 393216K, used 37966K [0x00000007a0000000, 0x00000007bec80000, 0x00000007c0000000)
  eden space 302592K, 0% used [0x00000007a0000000,0x00000007a0000000,0x00000007b2780000)
  from space 90624K, 41% used [0x00000007b9400000,0x00000007bb913a40,0x00000007bec80000)
  to   space 100864K, 0% used [0x00000007b2780000,0x00000007b2780000,0x00000007b8a00000)
 ParOldGen       total 1048576K, used 917399K [0x0000000760000000, 0x00000007a0000000, 0x00000007a0000000)
  object space 1048576K, 87% used [0x0000000760000000,0x0000000797fe5e38,0x00000007a0000000)
 Metaspace       used 214955K, capacity 229030K, committed 229248K, reserved 1247232K
  class space    used 27188K, capacity 30559K, committed 30592K, reserved 1048576K
}
Event: 17460.035 GC heap before
{Heap before GC invocations=154 (full 15):
 PSYoungGen      total 393216K, used 340558K [0x00000007a0000000, 0x00000007bec80000, 0x00000007c0000000)
  eden space 302592K, 100% used [0x00000007a0000000,0x00000007b2780000,0x00000007b2780000)
  from space 90624K, 41% used [0x00000007b9400000,0x00000007bb913a40,0x00000007bec80000)
  to   space 100864K, 0% used [0x00000007b2780000,0x00000007b2780000,0x00000007b8a00000)
 ParOldGen       total 1048576K, used 917399K [0x0000000760000000, 0x00000007a0000000, 0x00000007a0000000)
  object space 1048576K, 87% used [0x0000000760000000,0x0000000797fe5e38,0x00000007a0000000)
 Metaspace       used 221702K, capacity 236096K, committed 236416K, reserved 1253376K
  class space    used 28061K, capacity 31504K, committed 31616K, reserved 1048576K
Event: 17460.291 GC heap after
Heap after GC invocations=154 (full 15):
 PSYoungGen      total 403456K, used 96723K [0x00000007a0000000, 0x00000007c0000000, 0x00000007c0000000)
  eden space 302592K, 0% used [0x00000007a0000000,0x00000007a0000000,0x00000007b2780000)
  from space 100864K, 95% used [0x00000007b2780000,0x00000007b85f4fe8,0x00000007b8a00000)
  to   space 115712K, 0% used [0x00000007b8f00000,0x00000007b8f00000,0x00000007c0000000)
 ParOldGen       total 1048576K, used 943449K [0x0000000760000000, 0x00000007a0000000, 0x00000007a0000000)
  object space 1048576K, 89% used [0x0000000760000000,0x00000007999567e8,0x00000007a0000000)
 Metaspace       used 221702K, capacity 236096K, committed 236416K, reserved 1253376K
  class space    used 28061K, capacity 31504K, committed 31616K, reserved 1048576K
}
Event: 17501.385 GC heap before
{Heap before GC invocations=155 (full 15):
 PSYoungGen      total 403456K, used 399315K [0x00000007a0000000, 0x00000007c0000000, 0x00000007c0000000)
  eden space 302592K, 100% used [0x00000007a0000000,0x00000007b2780000,0x00000007b2780000)
  from space 100864K, 95% used [0x00000007b2780000,0x00000007b85f4fe8,0x00000007b8a00000)
  to   space 115712K, 0% used [0x00000007b8f00000,0x00000007b8f00000,0x00000007c0000000)
 ParOldGen       total 1048576K, used 943449K [0x0000000760000000, 0x00000007a0000000, 0x00000007a0000000)
  object space 1048576K, 89% used [0x0000000760000000,0x00000007999567e8,0x00000007a0000000)
 Metaspace       used 221779K, capacity 236266K, committed 236416K, reserved 1253376K
  class space    used 28077K, capacity 31552K, committed 31616K, reserved 1048576K
Event: 17501.601 GC heap after
Heap after GC invocations=155 (full 15):
 PSYoungGen      total 411648K, used 21802K [0x00000007a0000000, 0x00000007c0000000, 0x00000007c0000000)
  eden space 295936K, 0% used [0x00000007a0000000,0x00000007a0000000,0x00000007b2100000)
  from space 115712K, 18% used [0x00000007b8f00000,0x00000007ba44a8f0,0x00000007c0000000)
  to   space 112640K, 0% used [0x00000007b2100000,0x00000007b2100000,0x00000007b8f00000)
 ParOldGen       total 1048576K, used 1033139K [0x0000000760000000, 0x00000007a0000000, 0x00000007a0000000)
  object space 1048576K, 98% used [0x0000000760000000,0x000000079f0ecfa0,0x00000007a0000000)
 Metaspace       used 221779K, capacity 236266K, committed 236416K, reserved 1253376K
  class space    used 28077K, capacity 31552K, committed 31616K, reserved 1048576K
}
Event: 17501.601 GC heap before
{Heap before GC invocations=156 (full 16):
 PSYoungGen      total 411648K, used 21802K [0x00000007a0000000, 0x00000007c0000000, 0x00000007c0000000)
  eden space 295936K, 0% used [0x00000007a0000000,0x00000007a0000000,0x00000007b2100000)
  from space 115712K, 18% used [0x00000007b8f00000,0x00000007ba44a8f0,0x00000007c0000000)
  to   space 112640K, 0% used [0x00000007b2100000,0x00000007b2100000,0x00000007b8f00000)
 ParOldGen       total 1048576K, used 1033139K [0x0000000760000000, 0x00000007a0000000, 0x00000007a0000000)
  object space 1048576K, 98% used [0x0000000760000000,0x000000079f0ecfa0,0x00000007a0000000)
 Metaspace       used 221779K, capacity 236266K, committed 236416K, reserved 1253376K
  class space    used 28077K, capacity 31552K, committed 31616K, reserved 1048576K

